

Microchip MPLAB XC8 Assembler V2.31 build 20201012212115 
                                                                                               Wed Oct 13 21:42:31 2021

Microchip MPLAB XC8 C Compiler v2.31 (Free license) build 20201012212115 Og1 
     1                           	processor	16F887
     2                           	pagewidth 120
     3                           	opt	flic
     4                           	psect	cinit,global,class=CODE,merge=1,delta=2
     5                           	psect	cstackCOMMON,global,class=COMMON,space=1,delta=1,noexec
     6                           	psect	maintext,global,class=CODE,split=1,delta=2
     7                           	psect	text1,local,class=CODE,merge=1,delta=2
     8                           	psect	text2,local,class=CODE,merge=1,delta=2
     9                           	psect	intentry,global,class=CODE,delta=2
    10                           	psect	config,global,abs,ovrld,class=CONFIG,space=4,delta=2,noexec
    11                           	dabs	1,0x7E,2
    12  0000                     
    13                           ; Version 2.20
    14                           ; Generated 12/02/2020 GMT
    15                           ; 
    16                           ; Copyright © 2020, Microchip Technology Inc. and its subsidiaries ("Microchip")
    17                           ; All rights reserved.
    18                           ; 
    19                           ; This software is developed by Microchip Technology Inc. and its subsidiaries ("Microch
      +                          ip").
    20                           ; 
    21                           ; Redistribution and use in source and binary forms, with or without modification, are
    22                           ; permitted provided that the following conditions are met:
    23                           ; 
    24                           ;     1. Redistributions of source code must retain the above copyright notice, this lis
      +                          t of
    25                           ;        conditions and the following disclaimer.
    26                           ; 
    27                           ;     2. Redistributions in binary form must reproduce the above copyright notice, this 
      +                          list
    28                           ;        of conditions and the following disclaimer in the documentation and/or other
    29                           ;        materials provided with the distribution.
    30                           ; 
    31                           ;     3. Microchip's name may not be used to endorse or promote products derived from th
      +                          is
    32                           ;        software without specific prior written permission.
    33                           ; 
    34                           ; THIS SOFTWARE IS PROVIDED BY MICROCHIP "AS IS" AND ANY EXPRESS OR IMPLIED WARRANTIES,
    35                           ; INCLUDING, BUT NOT LIMITED TO, THE IMPLIED WARRANTIES OF MERCHANTABILITY AND FITNESS F
      +                          OR
    36                           ; PURPOSE ARE DISCLAIMED.  IN NO EVENT SHALL MICROCHIP BE LIABLE FOR ANY DIRECT, INDIREC
      +                          T,
    37                           ; INCIDENTAL, SPECIAL, EXEMPLARY, OR CONSEQUENTIAL DAMAGES (INCLUDING BUT NOT LIMITED TO
    38                           ; PROCUREMENT OF SUBSTITUTE GOODS OR SERVICES; LOSS OF USE, DATA OR PROFITS; OR BUSINESS
    39                           ; INTERRUPTION) HOWSOEVER CAUSED AND ON ANY THEORY OF LIABILITY, WHETHER IN CONTRACT, ST
      +                          RICT
    40                           ; LIABILITY, OR TORT (INCLUDING NEGLIGENCE OR OTHERWISE) ARISING IN ANY WAY OUT OF THE U
      +                          SE OF
    41                           ; THIS SOFTWARE, EVEN IF ADVISED OF THE POSSIBILITY OF SUCH DAMAGE.
    42                           ; 
    43                           ; 
    44                           ; Code-generator required, PIC16F887 Definitions
    45                           ; 
    46                           ; SFR Addresses
    47  0000                     	;# 
    48  0001                     	;# 
    49  0002                     	;# 
    50  0003                     	;# 
    51  0004                     	;# 
    52  0005                     	;# 
    53  0006                     	;# 
    54  0007                     	;# 
    55  0008                     	;# 
    56  0009                     	;# 
    57  000A                     	;# 
    58  000B                     	;# 
    59  000C                     	;# 
    60  000D                     	;# 
    61  000E                     	;# 
    62  000E                     	;# 
    63  000F                     	;# 
    64  0010                     	;# 
    65  0011                     	;# 
    66  0012                     	;# 
    67  0013                     	;# 
    68  0014                     	;# 
    69  0015                     	;# 
    70  0015                     	;# 
    71  0016                     	;# 
    72  0017                     	;# 
    73  0018                     	;# 
    74  0019                     	;# 
    75  001A                     	;# 
    76  001B                     	;# 
    77  001B                     	;# 
    78  001C                     	;# 
    79  001D                     	;# 
    80  001E                     	;# 
    81  001F                     	;# 
    82  0081                     	;# 
    83  0085                     	;# 
    84  0086                     	;# 
    85  0087                     	;# 
    86  0088                     	;# 
    87  0089                     	;# 
    88  008C                     	;# 
    89  008D                     	;# 
    90  008E                     	;# 
    91  008F                     	;# 
    92  0090                     	;# 
    93  0091                     	;# 
    94  0092                     	;# 
    95  0093                     	;# 
    96  0093                     	;# 
    97  0093                     	;# 
    98  0094                     	;# 
    99  0095                     	;# 
   100  0096                     	;# 
   101  0097                     	;# 
   102  0098                     	;# 
   103  0099                     	;# 
   104  009A                     	;# 
   105  009B                     	;# 
   106  009C                     	;# 
   107  009D                     	;# 
   108  009E                     	;# 
   109  009F                     	;# 
   110  0105                     	;# 
   111  0107                     	;# 
   112  0108                     	;# 
   113  0109                     	;# 
   114  010C                     	;# 
   115  010C                     	;# 
   116  010D                     	;# 
   117  010E                     	;# 
   118  010F                     	;# 
   119  0185                     	;# 
   120  0187                     	;# 
   121  0188                     	;# 
   122  0189                     	;# 
   123  018C                     	;# 
   124  018D                     	;# 
   125  0000                     	;# 
   126  0001                     	;# 
   127  0002                     	;# 
   128  0003                     	;# 
   129  0004                     	;# 
   130  0005                     	;# 
   131  0006                     	;# 
   132  0007                     	;# 
   133  0008                     	;# 
   134  0009                     	;# 
   135  000A                     	;# 
   136  000B                     	;# 
   137  000C                     	;# 
   138  000D                     	;# 
   139  000E                     	;# 
   140  000E                     	;# 
   141  000F                     	;# 
   142  0010                     	;# 
   143  0011                     	;# 
   144  0012                     	;# 
   145  0013                     	;# 
   146  0014                     	;# 
   147  0015                     	;# 
   148  0015                     	;# 
   149  0016                     	;# 
   150  0017                     	;# 
   151  0018                     	;# 
   152  0019                     	;# 
   153  001A                     	;# 
   154  001B                     	;# 
   155  001B                     	;# 
   156  001C                     	;# 
   157  001D                     	;# 
   158  001E                     	;# 
   159  001F                     	;# 
   160  0081                     	;# 
   161  0085                     	;# 
   162  0086                     	;# 
   163  0087                     	;# 
   164  0088                     	;# 
   165  0089                     	;# 
   166  008C                     	;# 
   167  008D                     	;# 
   168  008E                     	;# 
   169  008F                     	;# 
   170  0090                     	;# 
   171  0091                     	;# 
   172  0092                     	;# 
   173  0093                     	;# 
   174  0093                     	;# 
   175  0093                     	;# 
   176  0094                     	;# 
   177  0095                     	;# 
   178  0096                     	;# 
   179  0097                     	;# 
   180  0098                     	;# 
   181  0099                     	;# 
   182  009A                     	;# 
   183  009B                     	;# 
   184  009C                     	;# 
   185  009D                     	;# 
   186  009E                     	;# 
   187  009F                     	;# 
   188  0105                     	;# 
   189  0107                     	;# 
   190  0108                     	;# 
   191  0109                     	;# 
   192  010C                     	;# 
   193  010C                     	;# 
   194  010D                     	;# 
   195  010E                     	;# 
   196  010F                     	;# 
   197  0185                     	;# 
   198  0187                     	;# 
   199  0188                     	;# 
   200  0189                     	;# 
   201  018C                     	;# 
   202  018D                     	;# 
   203  000B                     _INTCONbits	set	11
   204  0012                     _T2CONbits	set	18
   205  001D                     _CCP2CONbits	set	29
   206  0017                     _CCP1CONbits	set	23
   207  000C                     _PIR1bits	set	12
   208  001B                     _CCPR2L	set	27
   209  001E                     _ADRESH	set	30
   210  0015                     _CCPR1L	set	21
   211  001F                     _ADCON0bits	set	31
   212  008C                     _PIE1bits	set	140
   213  0092                     _PR2	set	146
   214  0087                     _TRISCbits	set	135
   215  009F                     _ADCON1bits	set	159
   216  008F                     _OSCCONbits	set	143
   217  0085                     _TRISA	set	133
   218  0189                     _ANSELH	set	393
   219  0188                     _ANSEL	set	392
   220                           
   221                           	psect	cinit
   222  000F                     start_initialization:	
   223                           ; #config settings
   224                           
   225  000F                     __initialization:
   226  000F                     end_of_initialization:	
   227                           ;End of C runtime variable initialization code
   228                           
   229  000F                     __end_of__initialization:
   230  000F  0183               	clrf	3
   231  0010  120A  118A  2861   	ljmp	_main	;jump to C main() function
   232                           
   233                           	psect	cstackCOMMON
   234  0070                     __pcstackCOMMON:
   235  0070                     ?_setup:
   236  0070                     ?_isr:	
   237                           ; 1 bytes @ 0x0
   238                           
   239  0070                     ??_isr:	
   240                           ; 1 bytes @ 0x0
   241                           
   242  0070                     ?_main:	
   243                           ; 1 bytes @ 0x0
   244                           
   245                           
   246                           ; 1 bytes @ 0x0
   247  0070                     	ds	3
   248  0073                     ??_setup:
   249                           
   250                           ; 1 bytes @ 0x3
   251  0073                     	ds	1
   252  0074                     ??_main:
   253                           
   254                           ; 1 bytes @ 0x4
   255  0074                     	ds	1
   256                           
   257                           	psect	maintext
   258  0061                     __pmaintext:	
   259 ;;
   260 ;;Main: autosize = 0, tempsize = 1, incstack = 0, save=0
   261 ;;
   262 ;; *************** function _main *****************
   263 ;; Defined at:
   264 ;;		line 34 in file "main9.c"
   265 ;; Parameters:    Size  Location     Type
   266 ;;		None
   267 ;; Auto vars:     Size  Location     Type
   268 ;;		None
   269 ;; Return value:  Size  Location     Type
   270 ;;                  1    wreg      void 
   271 ;; Registers used:
   272 ;;		wreg, status,2, status,0, pclath, cstack
   273 ;; Tracked objects:
   274 ;;		On entry : B00/0
   275 ;;		On exit  : 0/0
   276 ;;		Unchanged: 0/0
   277 ;; Data sizes:     COMMON   BANK0   BANK1   BANK3   BANK2
   278 ;;      Params:         0       0       0       0       0
   279 ;;      Locals:         0       0       0       0       0
   280 ;;      Temps:          1       0       0       0       0
   281 ;;      Totals:         1       0       0       0       0
   282 ;;Total ram usage:        1 bytes
   283 ;; Hardware stack levels required when called:    2
   284 ;; This function calls:
   285 ;;		_setup
   286 ;; This function is called by:
   287 ;;		Startup code after reset
   288 ;; This function uses a non-reentrant model
   289 ;;
   290                           
   291                           
   292                           ;psect for function _main
   293  0061                     _main:
   294  0061                     l717:	
   295                           ;incstack = 0
   296                           ; Regs used in _main: [wreg+status,2+status,0+pclath+cstack]
   297                           
   298                           
   299                           ;main9.c: 35:     setup();
   300  0061  120A  118A  2013  120A  118A  	fcall	_setup
   301  0066                     l719:
   302                           
   303                           ;main9.c: 37:         if (ADCON0bits.GO == 0){
   304  0066  1283               	bcf	3,5	;RP0=0, select bank0
   305  0067  1303               	bcf	3,6	;RP1=0, select bank0
   306  0068  189F               	btfsc	31,1	;volatile
   307  0069  286B               	goto	u41
   308  006A  286C               	goto	u40
   309  006B                     u41:
   310  006B  2866               	goto	l719
   311  006C                     u40:
   312  006C                     l721:
   313                           
   314                           ;main9.c: 38:             if(ADCON0bits.CHS == 1){
   315  006C  0C1F               	rrf	31,w	;volatile
   316  006D  00F4               	movwf	??_main
   317  006E  0C74               	rrf	??_main,w
   318  006F  390F               	andlw	15
   319  0070  3A01               	xorlw	1
   320  0071  1D03               	skipz
   321  0072  2874               	goto	u51
   322  0073  2875               	goto	u50
   323  0074                     u51:
   324  0074  287C               	goto	l727
   325  0075                     u50:
   326  0075                     l723:
   327                           
   328                           ;main9.c: 39:                 ADCON0bits.CHS = 0;
   329  0075  30C3               	movlw	-61
   330  0076  059F               	andwf	31,f	;volatile
   331  0077                     l725:
   332                           
   333                           ;main9.c: 40:                _delay((unsigned long)((50)*(8000000/4000000.0)));
   334  0077  3021               	movlw	33
   335  0078  00F4               	movwf	??_main
   336  0079                     u67:
   337  0079  0BF4               	decfsz	??_main,f
   338  007A  2879               	goto	u67
   339                           
   340                           ;main9.c: 41:             }
   341  007B  2880               	goto	l729
   342  007C                     l727:
   343                           
   344                           ;main9.c: 43:                 ADCON0bits.CHS = 1;}
   345  007C  081F               	movf	31,w	;volatile
   346  007D  39C3               	andlw	-61
   347  007E  3804               	iorlw	4
   348  007F  009F               	movwf	31	;volatile
   349  0080                     l729:
   350                           
   351                           ;main9.c: 44:                 _delay((unsigned long)((50)*(8000000/4000000.0)));
   352  0080  3021               	movlw	33
   353  0081  00F4               	movwf	??_main
   354  0082                     u77:
   355  0082  0BF4               	decfsz	??_main,f
   356  0083  2882               	goto	u77
   357  0084                     l731:
   358                           
   359                           ;main9.c: 45:                 ADCON0bits.GO =1;
   360  0084  1283               	bcf	3,5	;RP0=0, select bank0
   361  0085  1303               	bcf	3,6	;RP1=0, select bank0
   362  0086  149F               	bsf	31,1	;volatile
   363  0087  2866               	goto	l719
   364  0088  120A  118A  280C   	ljmp	start
   365  008B                     __end_of_main:
   366                           
   367                           	psect	text1
   368  0013                     __ptext1:	
   369 ;; *************** function _setup *****************
   370 ;; Defined at:
   371 ;;		line 51 in file "main9.c"
   372 ;; Parameters:    Size  Location     Type
   373 ;;		None
   374 ;; Auto vars:     Size  Location     Type
   375 ;;		None
   376 ;; Return value:  Size  Location     Type
   377 ;;                  1    wreg      void 
   378 ;; Registers used:
   379 ;;		wreg, status,2, status,0
   380 ;; Tracked objects:
   381 ;;		On entry : 0/0
   382 ;;		On exit  : 0/0
   383 ;;		Unchanged: 0/0
   384 ;; Data sizes:     COMMON   BANK0   BANK1   BANK3   BANK2
   385 ;;      Params:         0       0       0       0       0
   386 ;;      Locals:         0       0       0       0       0
   387 ;;      Temps:          1       0       0       0       0
   388 ;;      Totals:         1       0       0       0       0
   389 ;;Total ram usage:        1 bytes
   390 ;; Hardware stack levels used:    1
   391 ;; Hardware stack levels required when called:    1
   392 ;; This function calls:
   393 ;;		Nothing
   394 ;; This function is called by:
   395 ;;		_main
   396 ;; This function uses a non-reentrant model
   397 ;;
   398                           
   399                           
   400                           ;psect for function _setup
   401  0013                     _setup:
   402  0013                     l655:	
   403                           ;incstack = 0
   404                           ; Regs used in _setup: [wreg+status,2+status,0]
   405                           
   406                           
   407                           ;main9.c: 52:     ANSEL = 0b00000001;
   408  0013  3001               	movlw	1
   409  0014  1683               	bsf	3,5	;RP0=1, select bank3
   410  0015  1703               	bsf	3,6	;RP1=1, select bank3
   411  0016  0088               	movwf	8	;volatile
   412  0017                     l657:
   413                           
   414                           ;main9.c: 53:     ANSELH = 0;
   415  0017  0189               	clrf	9	;volatile
   416  0018                     l659:
   417                           
   418                           ;main9.c: 55:     TRISA = 0XFF;
   419  0018  30FF               	movlw	255
   420  0019  1683               	bsf	3,5	;RP0=1, select bank1
   421  001A  1303               	bcf	3,6	;RP1=0, select bank1
   422  001B  0085               	movwf	5	;volatile
   423  001C                     l661:
   424                           
   425                           ;main9.c: 58:     OSCCONbits.IRCF = 0b0111;
   426  001C  3070               	movlw	112
   427  001D  048F               	iorwf	15,f	;volatile
   428  001E                     l663:
   429                           
   430                           ;main9.c: 59:     OSCCONbits.SCS = 1;
   431  001E  140F               	bsf	15,0	;volatile
   432  001F                     l665:
   433                           
   434                           ;main9.c: 62:     ADCON1bits.ADFM = 0;
   435  001F  139F               	bcf	31,7	;volatile
   436  0020                     l667:
   437                           
   438                           ;main9.c: 63:     ADCON1bits.VCFG0 = 0;
   439  0020  121F               	bcf	31,4	;volatile
   440  0021                     l669:
   441                           
   442                           ;main9.c: 64:     ADCON1bits.VCFG1 = 0;
   443  0021  129F               	bcf	31,5	;volatile
   444  0022                     l671:
   445                           
   446                           ;main9.c: 66:     ADCON0bits.ADCS = 0b10;
   447  0022  1283               	bcf	3,5	;RP0=0, select bank0
   448  0023  1303               	bcf	3,6	;RP1=0, select bank0
   449  0024  081F               	movf	31,w	;volatile
   450  0025  393F               	andlw	-193
   451  0026  3880               	iorlw	128
   452  0027  009F               	movwf	31	;volatile
   453  0028                     l673:
   454                           
   455                           ;main9.c: 67:     ADCON0bits.CHS = 5;
   456  0028  081F               	movf	31,w	;volatile
   457  0029  39C3               	andlw	-61
   458  002A  3814               	iorlw	20
   459  002B  009F               	movwf	31	;volatile
   460  002C                     l675:
   461                           
   462                           ;main9.c: 68:     ADCON0bits.ADON = 1;
   463  002C  141F               	bsf	31,0	;volatile
   464  002D                     l677:
   465                           
   466                           ;main9.c: 69:     _delay((unsigned long)((50)*(8000000/4000000.0)));
   467  002D  3021               	movlw	33
   468  002E  00F3               	movwf	??_setup
   469  002F                     u87:
   470  002F  0BF3               	decfsz	??_setup,f
   471  0030  282F               	goto	u87
   472  0031                     l679:
   473                           
   474                           ;main9.c: 72:     TRISCbits.TRISC2 = 1;
   475  0031  1683               	bsf	3,5	;RP0=1, select bank1
   476  0032  1303               	bcf	3,6	;RP1=0, select bank1
   477  0033  1507               	bsf	7,2	;volatile
   478  0034                     l681:
   479                           
   480                           ;main9.c: 73:     TRISCbits.TRISC1 = 1;
   481  0034  1487               	bsf	7,1	;volatile
   482  0035                     l683:
   483                           
   484                           ;main9.c: 74:     PR2 = 255;
   485  0035  30FF               	movlw	255
   486  0036  0092               	movwf	18	;volatile
   487  0037                     l685:
   488                           
   489                           ;main9.c: 75:     CCP1CONbits.P1M = 0;
   490  0037  303F               	movlw	-193
   491  0038  1283               	bcf	3,5	;RP0=0, select bank0
   492  0039  1303               	bcf	3,6	;RP1=0, select bank0
   493  003A  0597               	andwf	23,f	;volatile
   494  003B                     l687:
   495                           
   496                           ;main9.c: 76:     CCP1CONbits.CCP1M = 0b1100;
   497  003B  0817               	movf	23,w	;volatile
   498  003C  39F0               	andlw	-16
   499  003D  380C               	iorlw	12
   500  003E  0097               	movwf	23	;volatile
   501  003F                     l689:
   502                           
   503                           ;main9.c: 77:     CCPR1L = 0x0f;
   504  003F  300F               	movlw	15
   505  0040  0095               	movwf	21	;volatile
   506  0041                     l691:
   507                           
   508                           ;main9.c: 78:     CCP2CONbits.CCP2M = 0b1100;
   509  0041  081D               	movf	29,w	;volatile
   510  0042  39F0               	andlw	-16
   511  0043  380C               	iorlw	12
   512  0044  009D               	movwf	29	;volatile
   513  0045                     l693:
   514                           
   515                           ;main9.c: 79:     CCPR2L = 0x0f;
   516  0045  300F               	movlw	15
   517  0046  009B               	movwf	27	;volatile
   518  0047                     l695:
   519                           
   520                           ;main9.c: 81:     CCP1CONbits.DC1B = 0;
   521  0047  30CF               	movlw	-49
   522  0048  0597               	andwf	23,f	;volatile
   523  0049                     l697:
   524                           
   525                           ;main9.c: 82:     CCP2CONbits.DC2B0 = 0;
   526  0049  121D               	bcf	29,4	;volatile
   527  004A                     l699:
   528                           
   529                           ;main9.c: 83:     CCP2CONbits.DC2B1 = 0;
   530  004A  129D               	bcf	29,5	;volatile
   531  004B                     l701:
   532                           
   533                           ;main9.c: 85:     PIR1bits.TMR2IF = 0;
   534  004B  108C               	bcf	12,1	;volatile
   535  004C                     l703:
   536                           
   537                           ;main9.c: 86:     T2CONbits.T2CKPS = 0b11;
   538  004C  3003               	movlw	3
   539  004D  0492               	iorwf	18,f	;volatile
   540  004E                     l705:
   541                           
   542                           ;main9.c: 87:     T2CONbits.TMR2ON = 1;
   543  004E  1512               	bsf	18,2	;volatile
   544  004F                     l60:	
   545                           ;main9.c: 89:     while(PIR1bits.TMR2IF == 0);
   546                           
   547  004F  1C8C               	btfss	12,1	;volatile
   548  0050  2852               	goto	u11
   549  0051  2853               	goto	u10
   550  0052                     u11:
   551  0052  284F               	goto	l60
   552  0053                     u10:
   553  0053                     l62:
   554                           
   555                           ;main9.c: 90:     PIR1bits.TMR2IF = 0;
   556  0053  108C               	bcf	12,1	;volatile
   557                           
   558                           ;main9.c: 91:     TRISCbits.TRISC2 = 0;
   559  0054  1683               	bsf	3,5	;RP0=1, select bank1
   560  0055  1303               	bcf	3,6	;RP1=0, select bank1
   561  0056  1107               	bcf	7,2	;volatile
   562                           
   563                           ;main9.c: 92:     TRISCbits.TRISC1 = 0;
   564  0057  1087               	bcf	7,1	;volatile
   565                           
   566                           ;main9.c: 96:     PIR1bits.ADIF = 0;
   567  0058  1283               	bcf	3,5	;RP0=0, select bank0
   568  0059  1303               	bcf	3,6	;RP1=0, select bank0
   569  005A  130C               	bcf	12,6	;volatile
   570                           
   571                           ;main9.c: 97:     PIE1bits.ADIE = 1;
   572  005B  1683               	bsf	3,5	;RP0=1, select bank1
   573  005C  1303               	bcf	3,6	;RP1=0, select bank1
   574  005D  170C               	bsf	12,6	;volatile
   575                           
   576                           ;main9.c: 98:     INTCONbits.PEIE = 1;
   577  005E  170B               	bsf	11,6	;volatile
   578                           
   579                           ;main9.c: 99:     INTCONbits.GIE = 1;
   580  005F  178B               	bsf	11,7	;volatile
   581  0060                     l63:	
   582                           ;main9.c: 102:     return;
   583                           
   584  0060  0008               	return
   585  0061                     __end_of_setup:
   586                           
   587                           	psect	text2
   588  008B                     __ptext2:	
   589 ;; *************** function _isr *****************
   590 ;; Defined at:
   591 ;;		line 24 in file "main9.c"
   592 ;; Parameters:    Size  Location     Type
   593 ;;		None
   594 ;; Auto vars:     Size  Location     Type
   595 ;;		None
   596 ;; Return value:  Size  Location     Type
   597 ;;                  1    wreg      void 
   598 ;; Registers used:
   599 ;;		wreg, status,2, status,0
   600 ;; Tracked objects:
   601 ;;		On entry : 0/0
   602 ;;		On exit  : 0/0
   603 ;;		Unchanged: 0/0
   604 ;; Data sizes:     COMMON   BANK0   BANK1   BANK3   BANK2
   605 ;;      Params:         0       0       0       0       0
   606 ;;      Locals:         0       0       0       0       0
   607 ;;      Temps:          3       0       0       0       0
   608 ;;      Totals:         3       0       0       0       0
   609 ;;Total ram usage:        3 bytes
   610 ;; Hardware stack levels used:    1
   611 ;; This function calls:
   612 ;;		Nothing
   613 ;; This function is called by:
   614 ;;		Interrupt level 1
   615 ;; This function uses a non-reentrant model
   616 ;;
   617                           
   618                           
   619                           ;psect for function _isr
   620  008B                     _isr:
   621  008B                     i1l707:
   622                           
   623                           ;main9.c: 25:     if(ADCON0bits.CHS == 0){
   624  008B  1283               	bcf	3,5	;RP0=0, select bank0
   625  008C  1303               	bcf	3,6	;RP1=0, select bank0
   626  008D  0C1F               	rrf	31,w	;volatile
   627  008E  00F0               	movwf	??_isr
   628  008F  0C70               	rrf	??_isr,w
   629  0090  390F               	andlw	15
   630  0091  3A00               	xorlw	0
   631  0092  1D03               	skipz
   632  0093  2895               	goto	u2_21
   633  0094  2896               	goto	u2_20
   634  0095                     u2_21:
   635  0095  289D               	goto	i1l711
   636  0096                     u2_20:
   637  0096                     i1l709:
   638                           
   639                           ;main9.c: 26:             CCPR1L = (ADRESH >> 1) + 124;
   640  0096  081E               	movf	30,w	;volatile
   641  0097  00F0               	movwf	??_isr
   642  0098  1003               	clrc
   643  0099  0C70               	rrf	??_isr,w
   644  009A  3E7C               	addlw	124
   645  009B  0095               	movwf	21	;volatile
   646                           
   647                           ;main9.c: 27:     }
   648  009C  28AC               	goto	i1l715
   649  009D                     i1l711:
   650  009D  0C1F               	rrf	31,w	;volatile
   651  009E  00F0               	movwf	??_isr
   652  009F  0C70               	rrf	??_isr,w
   653  00A0  390F               	andlw	15
   654  00A1  3A01               	xorlw	1
   655  00A2  1D03               	skipz
   656  00A3  28A5               	goto	u3_21
   657  00A4  28A6               	goto	u3_20
   658  00A5                     u3_21:
   659  00A5  28AC               	goto	i1l715
   660  00A6                     u3_20:
   661  00A6                     i1l713:
   662                           
   663                           ;main9.c: 29:             CCPR2L = (ADRESH >> 1) + 124;
   664  00A6  081E               	movf	30,w	;volatile
   665  00A7  00F0               	movwf	??_isr
   666  00A8  1003               	clrc
   667  00A9  0C70               	rrf	??_isr,w
   668  00AA  3E7C               	addlw	124
   669  00AB  009B               	movwf	27	;volatile
   670  00AC                     i1l715:
   671                           
   672                           ;main9.c: 31:     PIR1bits.ADIF = 0;
   673  00AC  130C               	bcf	12,6	;volatile
   674  00AD                     i1l46:
   675  00AD  0872               	movf	??_isr+2,w
   676  00AE  008A               	movwf	10
   677  00AF  0E71               	swapf	??_isr+1,w
   678  00B0  0083               	movwf	3
   679  00B1  0EFE               	swapf	btemp,f
   680  00B2  0E7E               	swapf	btemp,w
   681  00B3  0009               	retfie
   682  00B4                     __end_of_isr:
   683  007E                     btemp	set	126	;btemp
   684  007E                     wtemp0	set	126
   685                           
   686                           	psect	intentry
   687  0004                     __pintentry:	
   688                           ;incstack = 0
   689                           ; Regs used in _isr: [wreg+status,2+status,0]
   690                           
   691  0004                     interrupt_function:
   692  007E                     saved_w	set	btemp
   693  0004  00FE               	movwf	btemp
   694  0005  0E03               	swapf	3,w
   695  0006  00F1               	movwf	??_isr+1
   696  0007  080A               	movf	10,w
   697  0008  00F2               	movwf	??_isr+2
   698  0009  120A  118A  288B   	ljmp	_isr
   699                           
   700                           	psect	config
   701                           
   702                           ;Config register CONFIG1 @ 0x2007
   703                           ;	Oscillator Selection bits
   704                           ;	FOSC = INTRC_NOCLKOUT, INTOSCIO oscillator: I/O function on RA6/OSC2/CLKOUT pin, I/O f
      +                          unction on RA7/OSC1/CLKIN
   705                           ;	Watchdog Timer Enable bit
   706                           ;	WDTE = OFF, WDT disabled and can be enabled by SWDTEN bit of the WDTCON register
   707                           ;	Power-up Timer Enable bit
   708                           ;	PWRTE = ON, PWRT enabled
   709                           ;	RE3/MCLR pin function select bit
   710                           ;	MCLRE = OFF, RE3/MCLR pin function is digital input, MCLR internally tied to VDD
   711                           ;	Code Protection bit
   712                           ;	CP = OFF, Program memory code protection is disabled
   713                           ;	Data Code Protection bit
   714                           ;	CPD = OFF, Data memory code protection is disabled
   715                           ;	Brown Out Reset Selection bits
   716                           ;	BOREN = OFF, BOR disabled
   717                           ;	Internal External Switchover bit
   718                           ;	IESO = OFF, Internal/External Switchover mode is disabled
   719                           ;	Fail-Safe Clock Monitor Enabled bit
   720                           ;	FCMEN = OFF, Fail-Safe Clock Monitor is disabled
   721                           ;	Low Voltage Programming Enable bit
   722                           ;	LVP = OFF, RB3 pin has digital I/O, HV on MCLR must be used for programming
   723                           ;	In-Circuit Debugger Mode bit
   724                           ;	DEBUG = 0x1, unprogrammed default
   725  2007                     	org	8199
   726  2007  20C4               	dw	8388
   727                           
   728                           ;Config register CONFIG2 @ 0x2008
   729                           ;	Brown-out Reset Selection bit
   730                           ;	BOR4V = BOR40V, Brown-out Reset set to 4.0V
   731                           ;	Flash Program Memory Self Write Enable bits
   732                           ;	WRT = OFF, Write protection off
   733  2008                     	org	8200
   734  2008  3FFF               	dw	16383

Data Sizes:
    Strings     0
    Constant    0
    Data        0
    BSS         0
    Persistent  0
    Stack       0

Auto Spaces:
    Space          Size  Autos    Used
    COMMON           14      5       5
    BANK0            80      0       0
    BANK1            80      0       0
    BANK3            96      0       0
    BANK2            96      0       0

Pointer List with Targets:

    None.

Critical Paths under _main in COMMON

    _main->_setup

Critical Paths under _isr in COMMON

    None.

Critical Paths under _main in BANK0

    None.

Critical Paths under _isr in BANK0

    None.

Critical Paths under _main in BANK1

    None.

Critical Paths under _isr in BANK1

    None.

Critical Paths under _main in BANK3

    None.

Critical Paths under _isr in BANK3

    None.

Critical Paths under _main in BANK2

    None.

Critical Paths under _isr in BANK2

    None.

Call Graph Tables:

 ---------------------------------------------------------------------------------
 (Depth) Function   	        Calls       Base Space   Used Autos Params    Refs
 ---------------------------------------------------------------------------------
 (0) _main                                                 1     1      0       0
                                              4 COMMON     1     1      0
                              _setup
 ---------------------------------------------------------------------------------
 (1) _setup                                                1     1      0       0
                                              3 COMMON     1     1      0
 ---------------------------------------------------------------------------------
 Estimated maximum stack depth 1
 ---------------------------------------------------------------------------------
 (Depth) Function   	        Calls       Base Space   Used Autos Params    Refs
 ---------------------------------------------------------------------------------
 (2) _isr                                                  3     3      0       0
                                              0 COMMON     3     3      0
 ---------------------------------------------------------------------------------
 Estimated maximum stack depth 2
 ---------------------------------------------------------------------------------

 Call Graph Graphs:

 _main (ROOT)
   _setup

 _isr (ROOT)

 Address spaces:
Name               Size   Autos  Total    Cost      Usage
BITCOMMON            E      0       0       0        0.0%
EEDATA             100      0       0       0        0.0%
NULL                 0      0       0       0        0.0%
CODE                 0      0       0       0        0.0%
COMMON               E      5       5       1       35.7%
BITSFR0              0      0       0       1        0.0%
SFR0                 0      0       0       1        0.0%
BITSFR1              0      0       0       2        0.0%
SFR1                 0      0       0       2        0.0%
STACK                0      0       0       2        0.0%
ABS                  0      0       0       3        0.0%
BITBANK0            50      0       0       4        0.0%
BITSFR3              0      0       0       4        0.0%
SFR3                 0      0       0       4        0.0%
BANK0               50      0       0       5        0.0%
BITSFR2              0      0       0       5        0.0%
SFR2                 0      0       0       5        0.0%
BITBANK1            50      0       0       6        0.0%
BANK1               50      0       0       7        0.0%
BITBANK3            60      0       0       8        0.0%
BANK3               60      0       0       9        0.0%
BITBANK2            60      0       0      10        0.0%
BANK2               60      0       0      11        0.0%
DATA                 0      0       0      12        0.0%


Microchip Technology PIC Macro Assembler V2.31 build 20201012212115 
Symbol Table                                                                                   Wed Oct 13 21:42:31 2021

                     l60 004F                       l62 0053                       l63 0060  
                     u10 0053                       u11 0052                       u40 006C  
                     u41 006B                       u50 0075                       u51 0074  
                     u67 0079                       u77 0082                       u87 002F  
                    l701 004B                      l703 004C                      l705 004E  
                    l721 006C                      l731 0084                      l723 0075  
                    l661 001C                      l725 0077                      l717 0061  
                    l671 0022                      l663 001E                      l655 0013  
                    l727 007C                      l719 0066                      l681 0034  
                    l673 0028                      l665 001F                      l657 0017  
                    l729 0080                      l691 0041                      l683 0035  
                    l675 002C                      l667 0020                      l659 0018  
                    l693 0045                      l685 0037                      l677 002D  
                    l669 0021                      l695 0047                      l687 003B  
                    l679 0031                      l697 0049                      l689 003F  
                    l699 004A                      _PR2 0092                      _isr 008B  
                   ?_isr 0070                     i1l46 00AD                     u2_20 0096  
                   u2_21 0095                     u3_20 00A6                     u3_21 00A5  
                   _main 0061                     btemp 007E                     start 000C  
                  ??_isr 0070                    ?_main 0070                    _ANSEL 0188  
                  i1l711 009D                    i1l713 00A6                    i1l715 00AC  
                  i1l707 008B                    i1l709 0096                    _TRISA 0085  
                  _setup 0013                    pclath 000A                    status 0003  
                  wtemp0 007E          __initialization 000F             __end_of_main 008B  
                 ??_main 0074                   _ADRESH 001E                   _CCPR1L 0015  
                 _CCPR2L 001B                   ?_setup 0070                   _ANSELH 0189  
                 saved_w 007E  __end_of__initialization 000F           __pcstackCOMMON 0070  
          __end_of_setup 0061                  ??_setup 0073               __pmaintext 0061  
             __pintentry 0004                  __ptext1 0013                  __ptext2 008B  
              _T2CONbits 0012             __size_of_isr 0029     end_of_initialization 000F  
              _TRISCbits 0087              _CCP1CONbits 0017              _CCP2CONbits 001D  
    start_initialization 000F              __end_of_isr 00B4                ___latbits 0002  
         __size_of_setup 004E        interrupt_function 0004                 _PIE1bits 008C  
               _PIR1bits 000C               _ADCON0bits 001F               _ADCON1bits 009F  
          __size_of_main 002A               _INTCONbits 000B                 intlevel1 0000  
             _OSCCONbits 008F  
